TN:
SF:src/RebaseToken.sol
DA:71,9
FN:71,RebaseToken.grantMintAndBurnRole
FNDA:9,RebaseToken.grantMintAndBurnRole
DA:72,9
DA:75,768
FN:75,RebaseToken.setInterestRate
FNDA:768,RebaseToken.setInterestRate
DA:76,512
BRDA:76,0,0,256
DA:77,256
DA:79,256
DA:80,256
DA:88,512
FN:88,RebaseToken.principleBalanceOf
FNDA:512,RebaseToken.principleBalanceOf
DA:89,512
DA:97,1281
FN:97,RebaseToken.mint
FNDA:1281,RebaseToken.mint
DA:98,1280
DA:99,1280
DA:100,1280
DA:108,513
FN:108,RebaseToken.burn
FNDA:513,RebaseToken.burn
DA:110,512
DA:111,512
DA:119,3072
FN:119,RebaseToken.balanceOf
FNDA:3072,RebaseToken.balanceOf
DA:122,5632
DA:131,256
FN:131,RebaseToken.transfer
FNDA:256,RebaseToken.transfer
DA:132,256
DA:133,256
DA:134,256
BRDA:134,1,0,-
DA:135,0
DA:137,256
BRDA:137,2,0,256
DA:138,256
DA:140,256
DA:149,0
FN:149,RebaseToken.transferFrom
FNDA:0,RebaseToken.transferFrom
DA:150,0
DA:151,0
DA:152,0
BRDA:152,3,0,-
DA:153,0
DA:155,0
BRDA:155,4,0,-
DA:156,0
DA:158,0
DA:170,5632
FN:170,RebaseToken._calculateUserAccumulatedInterestSinceLastUpdate
FNDA:5632,RebaseToken._calculateUserAccumulatedInterestSinceLastUpdate
DA:184,5632
DA:185,5632
DA:192,2304
FN:192,RebaseToken._mintAccruedInterest
FNDA:2304,RebaseToken._mintAccruedInterest
DA:193,2304
DA:196,2304
DA:198,2304
DA:200,2304
DA:202,2304
DA:213,512
FN:213,RebaseToken.getInterestRate
FNDA:512,RebaseToken.getInterestRate
DA:214,512
DA:222,512
FN:222,RebaseToken.getUserInterestRate
FNDA:512,RebaseToken.getUserInterestRate
DA:223,512
FNF:12
FNH:11
LF:47
LH:38
BRF:5
BRH:2
end_of_record
TN:
SF:src/Vault.sol
DA:54,9
FN:54,Vault.constructor
FNDA:9,Vault.constructor
DA:55,9
DA:67,1280
FN:67,Vault.deposit
FNDA:1280,Vault.deposit
DA:69,1280
DA:70,1280
DA:77,512
FN:77,Vault.redeem
FNDA:512,Vault.redeem
DA:78,512
BRDA:78,0,0,512
DA:79,512
DA:82,512
DA:84,512
DA:85,512
BRDA:85,1,0,-
DA:86,0
DA:88,512
DA:98,1
FN:98,Vault.getRebaseTokenAddress
FNDA:1,Vault.getRebaseTokenAddress
DA:99,1
FNF:4
FNH:4
LF:15
LH:14
BRF:2
BRH:1
end_of_record
